<?xml version="1.0" encoding="UTF-8"?>
<!-- Generated by org.testng.reporters.JUnitReportReporter -->
<testsuite skipped="0" hostname="DESKTOP-87MMMFU" name="Jupiter.planit.TestCase4" tests="1" failures="0" timestamp="2021-10-02T13:56:02 AEST" time="5.290" errors="0">
  <testcase name="Test3" time="5.290" classname="Jupiter.planit.TestCase4"/>
  <system-out/>
</testsuite> <!-- Jupiter.planit.TestCase4 -->
