<?xml version="1.0" encoding="UTF-8"?>
<!-- Generated by org.testng.reporters.JUnitReportReporter -->
<testsuite skipped="0" hostname="DESKTOP-87MMMFU" name="com.planittesting.test.TestCase4" tests="1" failures="0" timestamp="2021-10-03T00:54:04 AEST" time="6.148" errors="0">
  <testcase name="Test4" time="6.148" classname="com.planittesting.test.TestCase4"/>
  <system-out/>
</testsuite> <!-- com.planittesting.test.TestCase4 -->
