<?xml version="1.0" encoding="UTF-8"?>
<!-- Generated by org.testng.reporters.JUnitReportReporter -->
<testsuite skipped="0" hostname="DESKTOP-87MMMFU" name="Jupiter.planit.TestCase2" tests="1" failures="0" timestamp="2021-10-01T23:51:15 AEST" time="16.272" errors="0">
  <testcase name="Test2" time="16.272" classname="Jupiter.planit.TestCase2"/>
  <system-out/>
</testsuite> <!-- Jupiter.planit.TestCase2 -->
