<?xml version="1.0" encoding="UTF-8"?>
<!-- Generated by org.testng.reporters.JUnitReportReporter -->
<testsuite skipped="0" hostname="DESKTOP-87MMMFU" name="Jupiter.planit.TestCase1" tests="1" failures="0" timestamp="2021-10-01T20:57:44 AEST" time="44.022" errors="0">
  <testcase name="Test" time="44.022" classname="Jupiter.planit.TestCase1"/>
  <system-out/>
</testsuite> <!-- Jupiter.planit.TestCase1 -->
