<?xml version="1.0" encoding="UTF-8"?>
<!-- Generated by org.testng.reporters.JUnitReportReporter -->
<testsuite skipped="0" hostname="DESKTOP-87MMMFU" name="Jupiter.planit.TestCase3" tests="1" failures="0" timestamp="2021-10-02T11:32:36 AEST" time="10.550" errors="0">
  <testcase name="Test2" time="10.550" classname="Jupiter.planit.TestCase3"/>
  <system-out/>
</testsuite> <!-- Jupiter.planit.TestCase3 -->
