<?xml version="1.0" encoding="UTF-8"?>
<!-- Generated by org.testng.reporters.JUnitReportReporter -->
<testsuite skipped="0" hostname="DESKTOP-87MMMFU" name="com.planittesting.test.TestCase3" tests="1" failures="0" timestamp="2021-10-03T00:54:04 AEST" time="10.774" errors="0">
  <testcase name="Test3" time="10.774" classname="com.planittesting.test.TestCase3"/>
  <system-out/>
</testsuite> <!-- com.planittesting.test.TestCase3 -->
